================================================================================
   ⚡ OPERATION GOD-TIER - V2.5 INGESTION
   Started: 2026-01-25T04:57:17.767601
   Intelligence Level: GOD-TIER
================================================================================

✅ God-Tier Engine initialized

📂 Scanning ingestion queue...
   🔩 Bremick: 291 files
   🔗 Pryda (temp): 0 files
   🪵 LVL (temp): 0 files

📊 TOTAL FILES: 291
================================================================================

[  1/291] Bremick-NCCCompliant-ChemicalInjection-Polyester-Galvan...
Consider using the pymupdf_layout package for a greatly improved page layout analysis.
      ⏭️ Skip: No content

[  2/291] Bremick-NCCCompliant-ChemicalInjection-Polyester-Stainl...
      ⏭️ Skip: No content

[  3/291] Bremick-NCCCompliant-ChemicalInjection-Polyester-ZincPl...
      ⏭️ Skip: No content

[  4/291] Bremick-NCCCompliant-ChemicalInjection-PureEpoxy-Galvan...
      ⏭️ Skip: No content

[  5/291] Bremick-NCCCompliant-ChemicalInjection-PureEpoxy-Stainl...
      ⏭️ Skip: No content

[  6/291] Bremick-NCCCompliant-ChemicalInjection-PureEpoxy-ZincPl...
      ⏭️ Skip: No content

[  7/291] Bremick-NCCCompliant-ChemicalInjection-Vinylester-Galva...
      ⏭️ Skip: No content

[  8/291] Bremick-NCCCompliant-ChemicalInjection-Vinylester-Stain...
      ⏭️ Skip: No content

[  9/291] Bremick-NCCCompliant-ChemicalInjection-Vinylester-ZincP...
      ⏭️ Skip: No content

[ 10/291] Bremick-NCCCompliant-ChemicalSpinCapsule-Galvanised-TDS...
      ⏭️ Skip: No content

[ 11/291] Bremick-NCCCompliant-ChemicalSpinCapsule-StainlessSteel...
      ⏭️ Skip: No content

[ 12/291] Bremick-NCCCompliant-ChemicalSpinCapsule-ZincPlated-TDS...
      ⏭️ Skip: No content

[ 13/291] Bremick-NCCCompliant-DropinAnchor-ZincPlated-TDS.pdf...
      ⏭️ Skip: No content

[ 14/291] Bremick-NSC-DropInAnchor-StainlessSteel-PDS.pdf...
      ⏭️ Skip: No content

[ 15/291] Bremick-NSC-DropInAnchor-ZincPlated-PDS.pdf...
      ⏭️ Skip: No content

[ 16/291] Bremick-NSC-KewUniversalFrameAnchor-Galvanised-PDS.pdf...
      ⏭️ Skip: No content

[ 17/291] Bremick-NSC-MasonryScrewWallGrabScrew-Galvanised-PDS.pd...
      ⏭️ Skip: No content

[ 18/291] Bremick-NSC-ScrewAnchor-Galvanised-PDS.pdf...
      ⏭️ Skip: No content

[ 19/291] Bremick-NSC-SDriveAnchor-Galvanised-PDS.pdf...
      ⏭️ Skip: No content

[ 20/291] Bremick-NSC-SplitDriveAnchor-Galvanised-PDS.pdf...
      ⏭️ Skip: No content

[ 21/291] Bremick-NSC-ThroughBolt-Galvanised-PDS.pdf...
      ⏭️ Skip: No content

[ 22/291] Bremick-NCCCompliant-ScrewAnchor-Countersunk-BiMetal-TD...
      ⏭️ Skip: No content

[ 23/291] Bremick-NCCCompliant-ScrewAnchor-Countersunk-Ceramic-TD...
      ⏭️ Skip: No content

[ 24/291] Bremick-NCCCompliant-ScrewAnchor-External-Ceramic-TDS.p...
      ⏭️ Skip: No content

[ 25/291] Bremick-NCCCompliant-ScrewAnchor-Hex-BiMetal-TDS.pdf...
      ⏭️ Skip: No content

[ 26/291] Bremick-NCCCompliant-ScrewAnchor-Hex-Ceramic-TDS.pdf...
      ⏭️ Skip: No content

[ 27/291] Bremick-NCCCompliant-ScrewAnchor-Pan-Ceramic-TDS.pdf...
      ⏭️ Skip: No content

[ 28/291] Bremick-NSC-CavityWallAnchor-PDS.pdf...
      ⏭️ Skip: No content

[ 29/291] Bremick-NSC-GravityToggle-PDS.pdf...
      ⏭️ Skip: No content

[ 30/291] Bremick-NSC-HollowWallPlasticToggle-PDS.pdf...
      ⏭️ Skip: No content

[ 31/291] Bremick-NSC-KewHammerFixInsulationFastener-PDS.pdf...
      ⏭️ Skip: No content

[ 32/291] Bremick-NSC-KewInsulationPlug-PDS.pdf...
      ⏭️ Skip: No content

[ 33/291] Bremick-NSC-KewMetalInsulationFastener-PDS.pdf...
      ⏭️ Skip: No content

[ 34/291] Bremick-NSC-KewSuperExpansionPlug-PDS.pdf...
      ⏭️ Skip: No content

[ 35/291] Bremick-NSC-KewSuperUniversalPlug-PDS.pdf...
      ⏭️ Skip: No content

[ 36/291] Bremick-NSC-KewUniversalInsulationDisk-PDS.pdf...
      ⏭️ Skip: No content

[ 37/291] Bremick-NSC-MasonryScrewAnchor-Hex&CountersunkHead-B8Co...
      ⏭️ Skip: No content

[ 38/291] Bremick-NSC-NylonWallPlug-PDS.pdf...
      ⏭️ Skip: No content

[ 39/291] Bremick-NSC-PlasterboardPlug-PDS.pdf...
      ⏭️ Skip: No content

[ 40/291] Bremick-NSC-PVCWallPlug-PDS.pdf...
      ⏭️ Skip: No content

[ 41/291] Bremick-NSC-SpringToggle-RoundHead&CountersunkHead-PDS....
      ⏭️ Skip: No content

[ 42/291] Bremick-NSC-SpringToggle-SquareHook&CupHook-PDS.pdf...
      ⏭️ Skip: No content

[ 43/291] coach-screw-class-4-6-metric-hdg.pdf...
      ⏭️ Skip: No content

[ 44/291] coatings-and-materials.pdf...
      ⏭️ Skip: No content

[ 45/291] connector-screws.pdf...
      ⏭️ Skip: No content

[ 46/291] cup-bolt-class-4-6-metric-hdg.pdf...
      ⏭️ Skip: No content

[ 47/291] flange-purlin-class-4-6-metric-hdg.pdf...
      ⏭️ Skip: No content

[ 48/291] flange-purlin-class-8-8-metric-hdg.pdf...
      ⏭️ Skip: No content

[ 49/291] hex-head-coach-screws-metric.pdf...
      ⏭️ Skip: No content

[ 50/291] ko-structural-assemblies-class-8-8-metric.pdf...
      ⏭️ Skip: No content

[ 51/291] masonry-screw-anchors.pdf...
      ⏭️ Skip: No content

[ 52/291] nylon-insert-lock-nut-class-6-metric-hdg.pdf...
      ⏭️ Skip: No content

[ 53/291] nylon-insert-lock-nut-class-8-metric-hdg.pdf...
      ⏭️ Skip: No content

[ 54/291] S5HC812-32-80-BF2066-Hex-Head-SDM-Deep-Driller.pdf...
      ⏭️ Skip: No content

[ 55/291] s5wc812-32-50-bf2088-wafer-sdm-deep-driller.pdf...
      ⏭️ Skip: No content

[ 56/291] sbbc3141-200-bf103-type-17-bugle-batten.pdf...
      ⏭️ Skip: No content

[ 57/291] sbbc414-150-bf242-type-17-bugle-batten.pdf...
      ⏭️ Skip: No content

[ 58/291] sbbc614-150-bf184-type-17-bugle-batten.pdf...
      ⏭️ Skip: No content

[ 59/291] sbbcz14-100-bf158-type-17-bugle-batten.pdf...
      ⏭️ Skip: No content

[ 60/291] SET-SCREW-CLASS-10-9-METRIC-BLACK.pdf...
      ⏭️ Skip: No content

[ 61/291] SET-SCREW-CLASS-4-6-METRIC-HDG.pdf...
      ⏭️ Skip: No content

[ 62/291] SET-SCREW-CLASS-8-8-METRIC-BLACK.pdf...
      ⏭️ Skip: No content

[ 63/291] SET-SCREW-CLASS-8-8-METRIC-HDG.pdf...
      ⏭️ Skip: No content

[ 64/291] SET-SCREW-GRADE-8-UNC-BLACK.pdf...
      ⏭️ Skip: No content

[ 65/291] SET-SCREW-GRADE-8-UNF-BLACK.pdf...
      ⏭️ Skip: No content

[ 66/291] smbbic814-50-75-100-bf2136-sdm-bugle-batten.pdf...
      ⏭️ Skip: No content

[ 67/291] SMHC310-16-25-BF1053-Hex-Head-SDM.pdf...
      ⏭️ Skip: No content

[ 68/291] SMHC414-115-175-BF2114-Hex-Head-SDM.pdf...
      ⏭️ Skip: No content

[ 69/291] SMHC414-205-300-BF2300-Hex-Head-SDM.pdf...
      ⏭️ Skip: No content

[ 70/291] SMHC808-12-BF2089-Hex-Head-SDM.pdf...
      ⏭️ Skip: No content

[ 71/291] SMHC810-16-25-BF2176-Hex-Head-SDM.pdf...
      ⏭️ Skip: No content

[ 72/291] smhc812-25-30-bf2050-hex-head-sdm.pdf...
      ⏭️ Skip: No content

[ 73/291] SMHC812-50-85-BF2162-Hex-Head-SDM-Fibreglass.pdf...
      ⏭️ Skip: No content

[ 74/291] SMHC814-125-150-BF2305-Hex-Head-SDM.pdf...
      ⏭️ Skip: No content

[ 75/291] SMHC814-65-95-BF2304-Hex-Head-SDM.pdf...
      ⏭️ Skip: No content

[ 76/291] SMHC814-65-95-BF2306D-Hex-Head-SDM-Cyclonic.pdf...
      ⏭️ Skip: No content

[ 77/291] SMHC914-14-BF2313--Bi-metal-SDM-SS304-410.pdf...
      ⏭️ Skip: No content

[ 78/291] SMHCZ08-12-20-BF1055-Hex-Head-SDM.pdf...
      ⏭️ Skip: No content

[ 79/291] SMHCZ12-20-BF1050-Hex-Head-SDM.pdf...
      ⏭️ Skip: No content

[ 80/291] SMHCZ12-45-BF1088-Hex-Head-SDM.pdf...
      ⏭️ Skip: No content

[ 81/291] SMHCZ14-22-BF1056-Hex-Head-SDM.pdf...
      ⏭️ Skip: No content

[ 82/291] smhexc81230-bf2342-hex-head-sdm_3.pdf...
      ⏭️ Skip: No content

[ 83/291] SMHF814-22-65-BF2059-Hex-Head-SDM.pdf...
      ⏭️ Skip: No content

[ 84/291] SMHFZ10-16-BF1054-Hex-Head-SDM.pdf...
      ⏭️ Skip: No content

[ 85/291] SMHT812-39-BF2058-Hex-Head-SDM.pdf...
      ⏭️ Skip: No content

[ 86/291] SMHT812-51-80-BF2055-Hex-Head-SDM.pdf...
      ⏭️ Skip: No content

[ 87/291] SMWC810-16-22-BF2094-Wafer-Head-SDM.pdf...
      ⏭️ Skip: No content

[ 88/291] SMWCZ10-16-30-BF1067-Wafer-Head-SDM.pdf...
      ⏭️ Skip: No content

[ 89/291] SMWFZ10-16-30-BF1068-Wafer-Head-SDM.pdf...
      ⏭️ Skip: No content

[ 90/291] sncftc810-40-50-bf480-fibre-cement-screw.pdf...
      ⏭️ Skip: No content

[ 91/291] SNHC612-11-20-BF475-Type-17-SS316.pdf...
      ⏭️ Skip: No content

[ 92/291] sobbtc314-150-bf441-type-17-fasten-strong-bugle-batten....
      ⏭️ Skip: No content

[ 93/291] sobbtc514-150-bf439-type-17-fasten-strong-bugle-batten....
      ⏭️ Skip: No content

[ 94/291] sobbtc614-150-bf440-type-17-fasten-strong-bugle-batten....
      ⏭️ Skip: No content

[ 95/291] sobbtc814-150-bf423-type-17-bugle-batten.pdf...
      ⏭️ Skip: No content

[ 96/291] sobbtcb14-150-bf441-type-17-fasten-strong-bugle-batten-...
      ⏭️ Skip: No content

[ 97/291] spebtt6080-65-bf400-jolt-screw-ss316.pdf...
      ⏭️ Skip: No content

[ 98/291] spebtt808-65-bf369-jolt-screw.pdf...
      ⏭️ Skip: No content

[ 99/291] STHC414-115-175-BF127-Type-17.pdf...
      ⏭️ Skip: No content

[100/291] sthc614-50-65-bf425-type-17-ss316.pdf...
      ⏭️ Skip: No content

[101/291] STHC810-20-30-BF189-Type-17.pdf...
      ⏭️ Skip: No content

[102/291] STHC812-25-40-BF190-Type-17.pdf...
      ⏭️ Skip: No content

[103/291] STHC814-50-100-BF180-Type-17.pdf...
      ⏭️ Skip: No content

[104/291] STHCZ12-25-BF121-Type-17.pdf...
      ⏭️ Skip: No content

[105/291] STHT812-50-65-BF192-Type-17-TopGrip.pdf...
      ⏭️ Skip: No content

[106/291] STRYDA.ai_ Strategic Development Insights.pdf...
      ⏭️ Skip: No content

[107/291] stwc310-25-45-bf108-wafer-head-type-17.pdf...
      ⏭️ Skip: No content

[108/291] stwstcz-175-bf345-ribbed-flat-head-type-17.pdf...
      ⏭️ Skip: No content

[109/291] SUHC662-50-80-90-BF2121-SS316-Vortex.pdf...
      ⏭️ Skip: No content

[110/291] SUHC848-25-BF2290-Vortex-Valley-Fix.pdf...
      ⏭️ Skip: No content

[111/291] SUHC862-25-35-BF2285-Vortex-Plus.pdf...
      ⏭️ Skip: No content

[112/291] SUHC862-55-65-BF2080D-Vortex-Cyclonic.pdf...
      ⏭️ Skip: No content

[113/291] SUHC862-55-65-BF2302R-Vortex-Cyclonic.pdf...
      ⏭️ Skip: No content

[114/291] surc35-20-30-bf1131g-vortex-fibre.pdf...
      ⏭️ Skip: No content

[115/291] svhexc862-55-65-bf2172-vortex-polycut.pdf...
      ⏭️ Skip: No content

[116/291] SVMIXC854-28-BF2109-Vortex-Mini.pdf...
      ⏭️ Skip: No content

[117/291] SVROXT862-50-BF2146-Vortex-Plus.pdf...
      ⏭️ Skip: No content

[118/291] SVROXT862-65-80-BF2283-Vortex-Plus.pdf...
      ⏭️ Skip: No content

[119/291] SVSHXC862-22-BF2132-Vortex-Shed.pdf...
      ⏭️ Skip: No content

[120/291] swrc310-75-bf1058-wing-driller.pdf...
      ⏭️ Skip: No content

[121/291] threaded-rod-class-4-8-metric-hdg.pdf...
      ⏭️ Skip: No content

[122/291] threaded-rod-class-4-8-metric-plain.pdf...
      ⏭️ Skip: No content

[123/291] threaded-rod-class-8-8-metric-black.pdf...
      ⏭️ Skip: No content

[124/291] threaded-rod-class-8-8-metric-hdg.pdf...
      ⏭️ Skip: No content

[125/291] threaded-rod-grade-2-bsw-plain.pdf...
      ⏭️ Skip: No content

[126/291] threaded-rod-grade-2-unc-plain.pdf...
      ⏭️ Skip: No content

[127/291] threaded-rod-grade-2-unf-plain.pdf...
      ⏭️ Skip: No content

[128/291] threaded-rod-grade-5-unc-plain.pdf...
      ⏭️ Skip: No content

[129/291] threaded-rod-grade-5-unf-plain.pdf...
      ⏭️ Skip: No content

[130/291] timber-connector-nails.pdf...
      ⏭️ Skip: No content

[131/291] timber-post-screw.pdf...
      ⏭️ Skip: No content

[132/291] type-17-hex-head-timber-screws-no-seal.pdf...
      ⏭️ Skip: No content

[133/291] Bremick-NCCCompliant-ThroughBoltAnchor-Hex-Ceramic-TDS....
      ⏭️ Skip: No content

[134/291] Bremick-NCCCompliant-ThroughBoltAnchor-Hex-StainlessSte...
      ⏭️ Skip: No content

[135/291] Bremick-NCCCompliant-ThroughBoltAnchor-Hex-ZincPlated-T...
      ⏭️ Skip: No content

[136/291] HEX-BOLT-A2-50-METRIC-STAINLESS-STEEL.pdf...
      ⏭️ Skip: No content

[137/291] HEX-BOLT-A2-70-METRIC-STAINLESS-STEEL.pdf...
      ⏭️ Skip: No content

[138/291] HEX-BOLT-A4-50-METRIC-STAINLESS-STEEL.pdf...
      ⏭️ Skip: No content

[139/291] HEX-BOLT-A4-70-METRIC-STAINLESS-STEEL.pdf...
      ⏭️ Skip: No content

[140/291] HEX-BOLT-A4-80-METRIC-STAINLESS-STEEL.pdf...
      ⏭️ Skip: No content

[141/291] HEX-BOLT-CLASS-10-9-METRIC-BLACK.pdf...
      ⏭️ Skip: No content

[142/291] HEX-BOLT-CLASS-10-9-METRIC-ZINC.pdf...
      ⏭️ Skip: No content

[143/291] HEX-BOLT-CLASS-4-6-METRIC-HDG.pdf...
      ⏭️ Skip: No content

[144/291] HEX-BOLT-CLASS-4-6-METRIC-PLAIN.pdf...
      ⏭️ Skip: No content

[145/291] HEX-BOLT-CLASS-4-6-METRIC-ZINC.pdf...
      ⏭️ Skip: No content

[146/291] HEX-BOLT-CLASS-8-8-METRIC-BLACK.pdf...
      ⏭️ Skip: No content

[147/291] hex-bolt-class-8-8-metric-fine-zinc.pdf...
      ⏭️ Skip: No content

[148/291] HEX-BOLT-CLASS-8-8-METRIC-HDG.pdf...
      ⏭️ Skip: No content

[149/291] HEX-BOLT-CLASS-8-8-METRIC-ZINC.pdf...
      ⏭️ Skip: No content

[150/291] hex-bolt-grade-2-bsw-hdg.pdf...
      ⏭️ Skip: No content

[151/291] hex-bolt-grade-2-bsw-zinc.pdf...
      ⏭️ Skip: No content

[152/291] HEX-BOLT-GRADE-5-UNC-BLACK.pdf...
      ⏭️ Skip: No content

[153/291] HEX-BOLT-GRADE-5-UNC-ZINC.pdf...
      ⏭️ Skip: No content

[154/291] HEX-BOLT-GRADE-5-UNF-BLACK.pdf...
      ⏭️ Skip: No content

[155/291] HEX-BOLT-GRADE-5-UNF-ZINC.pdf...
      ⏭️ Skip: No content

[156/291] HEX-BOLT-GRADE-8-UNC-BLACK.pdf...
      ⏭️ Skip: No content

[157/291] HEX-BOLT-GRADE-8-UNC-ZINC.pdf...
      ⏭️ Skip: No content

[158/291] HEX-BOLT-GRADE-8-UNF-BLACK (1).pdf...
      ⏭️ Skip: No content

[159/291] HEX-BOLT-GRADE-8-UNF-BLACK.pdf...
      ⏭️ Skip: No content

[160/291] HEX-BOLT-GRADE-8-UNF-ZINC (1).pdf...
      ⏭️ Skip: No content

[161/291] HEX-BOLT-GRADE-8-UNF-ZINC.pdf...
      ⏭️ Skip: No content

[162/291] HEX-BOLT-UNC-F593C-STAINLESS-STEEL-304 (1).pdf...
      ⏭️ Skip: No content

[163/291] HEX-BOLT-UNC-F593C-STAINLESS-STEEL-304.pdf...
      ⏭️ Skip: No content

[164/291] HEX-BOLT-UNC-F593D-STAINLESS-STEEL-304 (1).pdf...
      ⏭️ Skip: No content

[165/291] HEX-BOLT-UNC-F593D-STAINLESS-STEEL-304.pdf...
      ⏭️ Skip: No content

[166/291] HEX-BOLT-UNC-F593G-STAINLESS-STEEL-316 (1).pdf...
      ⏭️ Skip: No content

[167/291] HEX-BOLT-UNC-F593G-STAINLESS-STEEL-316.pdf...
      ⏭️ Skip: No content

[168/291] HEX-BOLT-UNC-F593H-STAINLESS-STEEL-316 (1).pdf...
      ⏭️ Skip: No content

[169/291] HEX-BOLT-UNC-F593H-STAINLESS-STEEL-316.pdf...
      ⏭️ Skip: No content

[170/291] hex-head-bolts-metric.pdf...
      ⏭️ Skip: No content

[171/291] hex-coupling-nut-class-5-metric-hdg (1).pdf...
      ⏭️ Skip: No content

[172/291] hex-coupling-nut-class-5-metric-hdg.pdf...
      ⏭️ Skip: No content

[173/291] hex-coupling-nut-class-5-metric-zinc-yellow (1).pdf...
      ⏭️ Skip: No content

[174/291] hex-coupling-nut-class-5-metric-zinc-yellow.pdf...
      ⏭️ Skip: No content

[175/291] hex-nut-a2-70-metric-stainless-steel-304 (1).pdf...
      ⏭️ Skip: No content

[176/291] hex-nut-a2-70-metric-stainless-steel-304.pdf...
      ⏭️ Skip: No content

[177/291] hex-nut-a4-50-metric-stainless-steel-316 (1).pdf...
      ⏭️ Skip: No content

[178/291] hex-nut-a4-50-metric-stainless-steel-316.pdf...
      ⏭️ Skip: No content

[179/291] hex-nut-a4-70-metric-stainless-steel-316 (1).pdf...
      ⏭️ Skip: No content

[180/291] hex-nut-a4-70-metric-stainless-steel-316.pdf...
      ⏭️ Skip: No content

[181/291] hex-nut-a4-80-metric-stainless-steel-316 (1).pdf...
      ⏭️ Skip: No content

[182/291] hex-nut-a4-80-metric-stainless-steel-316.pdf...
      ⏭️ Skip: No content

[183/291] hex-nut-class-10-metric-black (1).pdf...
      ⏭️ Skip: No content

[184/291] hex-nut-class-10-metric-black.pdf...
      ⏭️ Skip: No content

[185/291] hex-nut-class-10-metric-zinc (1).pdf...
      ⏭️ Skip: No content

[186/291] hex-nut-class-10-metric-zinc.pdf...
      ⏭️ Skip: No content

[187/291] hex-nut-class-6-metric-zinc (1).pdf...
      ⏭️ Skip: No content

[188/291] hex-nut-class-6-metric-zinc.pdf...
      ⏭️ Skip: No content

[189/291] hex-nut-class-8-metric-black (1).pdf...
      ⏭️ Skip: No content

[190/291] hex-nut-class-8-metric-black.pdf...
      ⏭️ Skip: No content

[191/291] hex-nut-class-8-metric-hdg (1).pdf...
      ⏭️ Skip: No content

[192/291] hex-nut-class-8-metric-hdg.pdf...
      ⏭️ Skip: No content

[193/291] hex-nut-class-8-metric-zinc (1).pdf...
      ⏭️ Skip: No content

[194/291] hex-nut-class-8-metric-zinc.pdf...
      ⏭️ Skip: No content

[195/291] hex-nut-grade-5-unc-black (1).pdf...
      ⏭️ Skip: No content

[196/291] hex-nut-grade-5-unc-black.pdf...
      ⏭️ Skip: No content

[197/291] hex-nut-grade-5-unc-zinc (1).pdf...
      ⏭️ Skip: No content

[198/291] hex-nut-grade-5-unc-zinc.pdf...
      ⏭️ Skip: No content

[199/291] hex-nut-grade-5-unf-black (1).pdf...
      ⏭️ Skip: No content

[200/291] hex-nut-grade-5-unf-black.pdf...
      ⏭️ Skip: No content

[201/291] hex-nut-grade-5-unf-zinc (1).pdf...
      ⏭️ Skip: No content

[202/291] hex-nut-grade-5-unf-zinc.pdf...
      ⏭️ Skip: No content

[203/291] hex-nut-grade-8-unc-black (1).pdf...
      ⏭️ Skip: No content

[204/291] hex-nut-grade-8-unc-black.pdf...
      ⏭️ Skip: No content

[205/291] hex-nut-grade-8-unc-zinc (1).pdf...
      ⏭️ Skip: No content

[206/291] hex-nut-grade-8-unc-zinc.pdf...
      ⏭️ Skip: No content

[207/291] hex-nut-grade-8-unf-black (1).pdf...
      ⏭️ Skip: No content

[208/291] hex-nut-grade-8-unf-black.pdf...
      ⏭️ Skip: No content

[209/291] hex-nut-grade-8-unf-zinc (1).pdf...
      ⏭️ Skip: No content

[210/291] hex-nut-grade-8-unf-zinc.pdf...
      ⏭️ Skip: No content

[211/291] Bremick-NSC-SleeveAnchor-Galvanised-PDS.pdf...
      ⏭️ Skip: No content

[212/291] Bremick-NSC-SleeveAnchor-StainlessSteel-PDS.pdf...
      ⏭️ Skip: No content

[213/291] Bremick-NSC-SleeveAnchor-ZincPlated-PDS.pdf...
      ⏭️ Skip: No content

[214/291] Bremick-NSC-SleeveAnchorHook&EyeBolt-ZincPlated-PDS.pdf...
      ⏭️ Skip: No content

[215/291] Bremick-NSC-SleeveAnchorSuspensionHead-ZincPlated-PDS.p...
      ⏭️ Skip: No content

[216/291] masonry-sleeve-anchors.pdf...
      ⏭️ Skip: No content

[217/291] Bremick-NCCCompliant-KewUniversalFrameAnchor-StainlessS...
      ⏭️ Skip: No content

[218/291] Bremick-NSC-HeavyDutyNylonAnchor-StainlessSteel-PDS.pdf...
      ⏭️ Skip: No content

[219/291] Bremick-NSC-KewHeavyDutyNylonNailInAnchor-StainlessStee...
      ⏭️ Skip: No content

[220/291] Bremick-NSC-MetalPinAnchor-StainlessSteel-PDS.pdf...
      ⏭️ Skip: No content

[221/291] Bremick-NSC-NylonNailInAnchor-StainlessSteel-PDS.pdf...
      ⏭️ Skip: No content

[222/291] Bremick-NSC-SDriveAnchor-StainlessSteel-PDS.pdf...
      ⏭️ Skip: No content

[223/291] Bremick-NSC-SplitDriveAnchor-StainlessSteel-PDS.pdf...
      ⏭️ Skip: No content

[224/291] Bremick-NSC-ThroughBolt-StainlessSteel-PDS.pdf...
      ⏭️ Skip: No content

[225/291] cup-bolt-a4-70-metric-stainless-steel-316.pdf...
      ⏭️ Skip: No content

[226/291] nylon-insert-lock-nut-a2-70-metric-stainless-steel-304....
      ⏭️ Skip: No content

[227/291] nylon-insert-lock-nut-a4-70-metric-stainless-steel-316....
      ⏭️ Skip: No content

[228/291] nylon-insert-lock-nut-unc-f594c-stainless-steel-304.pdf...
      ⏭️ Skip: No content

[229/291] nylon-insert-lock-nut-unc-f594d-stainless-steel-304.pdf...
      ⏭️ Skip: No content

[230/291] nylon-insert-lock-nut-unc-f594g-stainless-steel-316.pdf...
      ⏭️ Skip: No content

[231/291] nylon-insert-lock-nut-unc-f594h-stainless-steel-316.pdf...
      ⏭️ Skip: No content

[232/291] SET-SCREW-A2-50-METRIC-STAINLESS-STEEL.pdf...
      ⏭️ Skip: No content

[233/291] SET-SCREW-A2-70-METRIC-STAINLESS-STEEL.pdf...
      ⏭️ Skip: No content

[234/291] SET-SCREW-A4-50-METRIC-STAINLESS-STEEL.pdf...
      ⏭️ Skip: No content

[235/291] SET-SCREW-A4-70-METRIC-STAINLESS-STEEL.pdf...
      ⏭️ Skip: No content

[236/291] SET-SCREW-A4-80-METRIC-STAINLESS-STEEL.pdf...
      ⏭️ Skip: No content

[237/291] SET-SCREW-UNC-F593C-STAINLESS-STEEL-304.pdf...
      ⏭️ Skip: No content

[238/291] SET-SCREW-UNC-F593D-STAINLESS-STEEL-304.pdf...
      ⏭️ Skip: No content

[239/291] SET-SCREW-UNC-F593G-STAINLESS-STEEL-316.pdf...
      ⏭️ Skip: No content

[240/291] SET-SCREW-UNC-F593H-STAINLESS-STEEL-316.pdf...
      ⏭️ Skip: No content

[241/291] threaded-rod-a2-70-metric-stainless-steel-304.pdf...
      ⏭️ Skip: No content

[242/291] threaded-rod-a4-50-metric-stainless-steel-316.pdf...
      ⏭️ Skip: No content

[243/291] threaded-rod-a4-70-metric-stainless-steel-316.pdf...
      ⏭️ Skip: No content

[244/291] threaded-rod-a4-80-metric-stainless-steel-316.pdf...
      ⏭️ Skip: No content

[245/291] threaded-rod-unc-f593c-stainless-steel-304.pdf...
      ⏭️ Skip: No content

[246/291] threaded-rod-unc-f593d-stainless-steel-304.pdf...
      ⏭️ Skip: No content

[247/291] threaded-rod-unc-f593g-stainless-steel-316.pdf...
      ⏭️ Skip: No content

[248/291] threaded-rod-unc-f593h-stainless-steel-316.pdf...
      ⏭️ Skip: No content

[249/291] Bremick-NSC-MasonryScrewFixConn-WasherHead-B8Coating-PD...
      ⏭️ Skip: No content

[250/291] Bremick-NCCCompliant-KewUniversalFrameAnchor-ZincPlated...
      ⏭️ Skip: No content

[251/291] Bremick-NCCCompliant-SafetyAnchor-Countersunk-ZincPlate...
      ⏭️ Skip: No content

[252/291] Bremick-NCCCompliant-SafetyAnchor-Hex-ZincPlated-TDS.pd...
      ⏭️ Skip: No content

[253/291] Bremick-NCCCompliant-ScrewAnchor-Hex-ZincPlated-TDS.pdf...
      ⏭️ Skip: No content

[254/291] Bremick-NCCCompliant-ScrewAnchor-RodHanger-ZincPlated-T...
      ⏭️ Skip: No content

[255/291] Bremick-NCCCompliant-SpliceAnchor-Round-ZincPlated-TDS....
      ⏭️ Skip: No content

[256/291] Bremick-NSC-HeavyDutyNylonAnchor-ZincPlated-PDS.pdf...
      ⏭️ Skip: No content

[257/291] Bremick-NSC-KewHeavyDutyNylonNailInAnchor-Zinc-PDS.pdf...
      ⏭️ Skip: No content

[258/291] Bremick-NSC-MasonryScrewWallGrabScrew-ZincPlated-PDS.pd...
      ⏭️ Skip: No content

[259/291] Bremick-NSC-MetalPinAnchor-ZincPlated-PDS.pdf...
      ⏭️ Skip: No content

[260/291] Bremick-NSC-NylonNailInAnchor-ZincPlated-PDS.pdf...
      ⏭️ Skip: No content

[261/291] Bremick-NSC-ScrewAnchor-ZincPlated-PDS.pdf...
      ⏭️ Skip: No content

[262/291] Bremick-NSC-ScrewAnchorEyeBolt-ZincPlated-PDS.pdf...
      ⏭️ Skip: No content

[263/291] Bremick-NSC-SDriveAnchor-Tiewire-ZincPlated-PDS.pdf...
      ⏭️ Skip: No content

[264/291] Bremick-NSC-ShieldAnchor-ZincPlated-PDS.pdf...
      ⏭️ Skip: No content

[265/291] Bremick-NSC-ThreadedRodHangerConcrete-ZincPlated-PDS.pd...
      ⏭️ Skip: No content

[266/291] Bremick-NSC-ThreadedRodHangerSteel-ZincPlated-PDS.pdf...
      ⏭️ Skip: No content

[267/291] Bremick-NSC-ThreadedRodHangerTimber-ZincPlated-PDS.pdf...
      ⏭️ Skip: No content

[268/291] Bremick-NSC-ThroughBolt-ZincPlated-PDS.pdf...
      ⏭️ Skip: No content

[269/291] Bremick-NSC-ThroughBoltSuspensionTieWire-ZincPlated-PDS...
      ⏭️ Skip: No content

[270/291] coach-screw-class-4-6-metric-zinc.pdf...
      ⏭️ Skip: No content

[271/291] flange-purlin-class-4-6-metric-zinc.pdf...
      ⏭️ Skip: No content

[272/291] flange-purlin-class-8-8-metric-zinc.pdf...
      ⏭️ Skip: No content

[273/291] nylon-insert-lock-nut-class-10-metric-zinc.pdf...
      ⏭️ Skip: No content

[274/291] nylon-insert-lock-nut-class-6-metric-zinc.pdf...
      ⏭️ Skip: No content

[275/291] nylon-insert-lock-nut-class-8-metric-zinc.pdf...
      ⏭️ Skip: No content

[276/291] nylon-insert-lock-nut-grade-2-unc-zinc.pdf...
      ⏭️ Skip: No content

[277/291] nylon-insert-lock-nut-grade-2-unf-zinc.pdf...
      ⏭️ Skip: No content

[278/291] nylon-insert-lock-nut-grade-8-unc-zinc.pdf...
      ⏭️ Skip: No content

[279/291] nylon-insert-lock-nut-grade-8-unf-zinc.pdf...
      ⏭️ Skip: No content

[280/291] SET-SCREW-CLASS-4-6-METRIC-ZINC.pdf...
      ⏭️ Skip: No content

[281/291] SET-SCREW-CLASS-8-8-METRIC-ZINC.pdf...
      ⏭️ Skip: No content

[282/291] set-screw-grade-2-bsw-zinc.pdf...
      ⏭️ Skip: No content

[283/291] SET-SCREW-GRADE-5-UNC-ZINC.pdf...
      ⏭️ Skip: No content

[284/291] SET-SCREW-GRADE-8-UNC-ZINC.pdf...
      ⏭️ Skip: No content

[285/291] threaded-rod-class-4-8-metric-zinc.pdf...
      ⏭️ Skip: No content

[286/291] threaded-rod-class-8-8-metric-zinc.pdf...
      ⏭️ Skip: No content

[287/291] threaded-rod-grade-2-bsw-zinc.pdf...
      ⏭️ Skip: No content

[288/291] Bremick_Industrial_Fasteners_Catalogue.pdf...
      ⏭️ Skip: No content

[289/291] Bremick_Masonry_Anchor_Catalogue.pdf...
      ⏭️ Skip: No content

[290/291] Bremick_Socket_Screws_Catalogue.pdf...
      ⏭️ Skip: No content

[291/291] Bremick_Stainless_Steel_Catalogue.pdf...
      ⏭️ Skip: No content

================================================================================
   ⚡ OPERATION GOD-TIER - COMPLETE
================================================================================
   ✅ Files Processed: 0
   📄 Total Chunks: 0
   🎯 Context-Injected: 0
   📊 Tables Parsed: 0
   ⏭️ Skipped: 291
   ❌ Errors: 0
   📋 Register Added: 0

   Intelligence Level: GOD-TIER ⚡
   Completed: 2026-01-25T05:08:54.137070
================================================================================
