================================================================================
   ⚡ STRYDA V2.5 HYBRID OCR INGESTION
   Started: 2026-01-25T05:17:21.202053
   Protocol: PARSING_STANDARD_V2_5.md
================================================================================

✅ Hybrid Engine initialized
   OCR Engine: Tesseract 5.3.0
   Text threshold: 50 chars

📂 Scanning Bremick files...
   🔩 Found 291 Bremick files
================================================================================

[  1/291] Bremick-NCCCompliant-ChemicalInjection-Polyester-Galvan...
      📄 4p | 9 chunks | 0 ctx | 0 tbl | [TEXT_LAYER]

[  2/291] Bremick-NCCCompliant-ChemicalInjection-Polyester-Stainl...
      📄 4p | 9 chunks | 0 ctx | 0 tbl | [TEXT_LAYER]

[  3/291] Bremick-NCCCompliant-ChemicalInjection-Polyester-ZincPl...
      📄 4p | 9 chunks | 0 ctx | 0 tbl | [TEXT_LAYER]

[  4/291] Bremick-NCCCompliant-ChemicalInjection-PureEpoxy-Galvan...
      📄 5p | 11 chunks | 0 ctx | 0 tbl | [TEXT_LAYER]

[  5/291] Bremick-NCCCompliant-ChemicalInjection-PureEpoxy-Stainl...
      📄 4p | 10 chunks | 0 ctx | 0 tbl | [TEXT_LAYER]

[  6/291] Bremick-NCCCompliant-ChemicalInjection-PureEpoxy-ZincPl...
      📄 4p | 10 chunks | 0 ctx | 0 tbl | [TEXT_LAYER]

[  7/291] Bremick-NCCCompliant-ChemicalInjection-Vinylester-Galva...
      📄 5p | 11 chunks | 0 ctx | 0 tbl | [TEXT_LAYER]

[  8/291] Bremick-NCCCompliant-ChemicalInjection-Vinylester-Stain...
      📄 4p | 9 chunks | 0 ctx | 0 tbl | [TEXT_LAYER]

[  9/291] Bremick-NCCCompliant-ChemicalInjection-Vinylester-ZincP...
      📄 4p | 10 chunks | 0 ctx | 0 tbl | [TEXT_LAYER]

[ 10/291] Bremick-NCCCompliant-ChemicalSpinCapsule-Galvanised-TDS...
      📄 3p | 7 chunks | 0 ctx | 0 tbl | [TEXT_LAYER]

[ 11/291] Bremick-NCCCompliant-ChemicalSpinCapsule-StainlessSteel...
      📄 3p | 7 chunks | 0 ctx | 0 tbl | [TEXT_LAYER]

[ 12/291] Bremick-NCCCompliant-ChemicalSpinCapsule-ZincPlated-TDS...
      📄 3p | 7 chunks | 0 ctx | 0 tbl | [TEXT_LAYER]

[ 13/291] Bremick-NCCCompliant-DropinAnchor-ZincPlated-TDS.pdf...
      📄 3p | 5 chunks | 0 ctx | 0 tbl | [TEXT_LAYER]

[ 14/291] Bremick-NSC-DropInAnchor-StainlessSteel-PDS.pdf...
      📄 3p | 6 chunks | 0 ctx | 0 tbl | [TEXT_LAYER]

[ 15/291] Bremick-NSC-DropInAnchor-ZincPlated-PDS.pdf...
      📄 4p | 6 chunks | 0 ctx | 0 tbl | [TEXT_LAYER]

[ 16/291] Bremick-NSC-KewUniversalFrameAnchor-Galvanised-PDS.pdf...
      📄 3p | 5 chunks | 0 ctx | 0 tbl | [TEXT_LAYER]

[ 17/291] Bremick-NSC-MasonryScrewWallGrabScrew-Galvanised-PDS.pd...
      📄 2p | 4 chunks | 0 ctx | 0 tbl | [TEXT_LAYER]

[ 18/291] Bremick-NSC-ScrewAnchor-Galvanised-PDS.pdf...
      📄 5p | 8 chunks | 0 ctx | 0 tbl | [TEXT_LAYER]

[ 19/291] Bremick-NSC-SDriveAnchor-Galvanised-PDS.pdf...
      📄 4p | 7 chunks | 0 ctx | 0 tbl | [TEXT_LAYER]

[ 20/291] Bremick-NSC-SplitDriveAnchor-Galvanised-PDS.pdf...
      📄 3p | 6 chunks | 0 ctx | 0 tbl | [TEXT_LAYER]

[ 21/291] Bremick-NSC-ThroughBolt-Galvanised-PDS.pdf...
      📄 3p | 6 chunks | 0 ctx | 0 tbl | [TEXT_LAYER]

[ 22/291] Bremick-NCCCompliant-ScrewAnchor-Countersunk-BiMetal-TD...
      📄 3p | 6 chunks | 0 ctx | 0 tbl | [TEXT_LAYER]

[ 23/291] Bremick-NCCCompliant-ScrewAnchor-Countersunk-Ceramic-TD...
      📄 3p | 6 chunks | 0 ctx | 0 tbl | [TEXT_LAYER]

[ 24/291] Bremick-NCCCompliant-ScrewAnchor-External-Ceramic-TDS.p...
      📄 3p | 5 chunks | 0 ctx | 0 tbl | [TEXT_LAYER]

[ 25/291] Bremick-NCCCompliant-ScrewAnchor-Hex-BiMetal-TDS.pdf...
      📄 3p | 6 chunks | 0 ctx | 0 tbl | [TEXT_LAYER]

📊 CHECKPOINT [25/291]
   Processed: 0 | Text: 25 | OCR: 0
   Chunks: 0 | Context: 0 | Tables: 0

[ 26/291] Bremick-NCCCompliant-ScrewAnchor-Hex-Ceramic-TDS.pdf...
      📄 3p | 7 chunks | 0 ctx | 0 tbl | [TEXT_LAYER]

[ 27/291] Bremick-NCCCompliant-ScrewAnchor-Pan-Ceramic-TDS.pdf...
      📄 3p | 5 chunks | 0 ctx | 0 tbl | [TEXT_LAYER]

[ 28/291] Bremick-NSC-CavityWallAnchor-PDS.pdf...
      📄 3p | 4 chunks | 0 ctx | 0 tbl | [TEXT_LAYER]

[ 29/291] Bremick-NSC-GravityToggle-PDS.pdf...
      📄 2p | 3 chunks | 0 ctx | 0 tbl | [TEXT_LAYER]

[ 30/291] Bremick-NSC-HollowWallPlasticToggle-PDS.pdf...
      📄 2p | 3 chunks | 0 ctx | 0 tbl | [TEXT_LAYER]

[ 31/291] Bremick-NSC-KewHammerFixInsulationFastener-PDS.pdf...
      📄 3p | 4 chunks | 0 ctx | 0 tbl | [TEXT_LAYER]

[ 32/291] Bremick-NSC-KewInsulationPlug-PDS.pdf...
      📄 2p | 3 chunks | 0 ctx | 0 tbl | [TEXT_LAYER]

[ 33/291] Bremick-NSC-KewMetalInsulationFastener-PDS.pdf...
      📄 2p | 3 chunks | 0 ctx | 0 tbl | [TEXT_LAYER]

[ 34/291] Bremick-NSC-KewSuperExpansionPlug-PDS.pdf...
      📄 3p | 5 chunks | 0 ctx | 0 tbl | [TEXT_LAYER]

[ 35/291] Bremick-NSC-KewSuperUniversalPlug-PDS.pdf...
      📄 3p | 5 chunks | 0 ctx | 0 tbl | [TEXT_LAYER]

[ 36/291] Bremick-NSC-KewUniversalInsulationDisk-PDS.pdf...
      📄 2p | 4 chunks | 0 ctx | 0 tbl | [TEXT_LAYER]

[ 37/291] Bremick-NSC-MasonryScrewAnchor-Hex&CountersunkHead-B8Co...
      📄 3p | 5 chunks | 0 ctx | 0 tbl | [TEXT_LAYER]

[ 38/291] Bremick-NSC-NylonWallPlug-PDS.pdf...
      📄 2p | 4 chunks | 0 ctx | 0 tbl | [TEXT_LAYER]

[ 39/291] Bremick-NSC-PlasterboardPlug-PDS.pdf...
      📄 2p | 3 chunks | 0 ctx | 0 tbl | [TEXT_LAYER]

[ 40/291] Bremick-NSC-PVCWallPlug-PDS.pdf...
      📄 2p | 3 chunks | 0 ctx | 0 tbl | [TEXT_LAYER]

[ 41/291] Bremick-NSC-SpringToggle-RoundHead&CountersunkHead-PDS....
      📄 3p | 4 chunks | 0 ctx | 0 tbl | [TEXT_LAYER]

[ 42/291] Bremick-NSC-SpringToggle-SquareHook&CupHook-PDS.pdf...
      📄 3p | 4 chunks | 0 ctx | 0 tbl | [TEXT_LAYER]

[ 43/291] coach-screw-class-4-6-metric-hdg.pdf...
      📄 2p | 5 chunks | 0 ctx | 0 tbl | [TEXT_LAYER]

[ 44/291] coatings-and-materials.pdf...
      📄 1p | 5 chunks | 0 ctx | 0 tbl | [TEXT_LAYER]

[ 45/291] connector-screws.pdf...
      📄 1p | 2 chunks | 0 ctx | 0 tbl | [TEXT_LAYER]

[ 46/291] cup-bolt-class-4-6-metric-hdg.pdf...
      📄 2p | 5 chunks | 0 ctx | 0 tbl | [TEXT_LAYER]

[ 47/291] flange-purlin-class-4-6-metric-hdg.pdf...
      📄 2p | 4 chunks | 0 ctx | 0 tbl | [TEXT_LAYER]

[ 48/291] flange-purlin-class-8-8-metric-hdg.pdf...
      📄 2p | 4 chunks | 0 ctx | 0 tbl | [TEXT_LAYER]

[ 49/291] hex-head-coach-screws-metric.pdf...
      📄 2p | 3 chunks | 0 ctx | 0 tbl | [TEXT_LAYER]

[ 50/291] ko-structural-assemblies-class-8-8-metric.pdf...
      📄 3p | 9 chunks | 0 ctx | 0 tbl | [TEXT_LAYER]

📊 CHECKPOINT [50/291]
   Processed: 0 | Text: 50 | OCR: 0
   Chunks: 0 | Context: 0 | Tables: 0

[ 51/291] masonry-screw-anchors.pdf...
      📄 1p | 2 chunks | 0 ctx | 0 tbl | [TEXT_LAYER]

[ 52/291] nylon-insert-lock-nut-class-6-metric-hdg.pdf...
      📄 2p | 5 chunks | 0 ctx | 0 tbl | [TEXT_LAYER]

[ 53/291] nylon-insert-lock-nut-class-8-metric-hdg.pdf...
      📄 2p | 5 chunks | 0 ctx | 0 tbl | [TEXT_LAYER]

[ 54/291] S5HC812-32-80-BF2066-Hex-Head-SDM-Deep-Driller.pdf...
      📄 2p | 8 chunks | 3 ctx | 1 tbl | [TEXT_LAYER]

[ 55/291] s5wc812-32-50-bf2088-wafer-sdm-deep-driller.pdf...
      📄 2p | 8 chunks | 3 ctx | 1 tbl | [TEXT_LAYER]

[ 56/291] sbbc3141-200-bf103-type-17-bugle-batten.pdf...
      📄 2p | 9 chunks | 3 ctx | 1 tbl | [TEXT_LAYER]

[ 57/291] sbbc414-150-bf242-type-17-bugle-batten.pdf...
      📄 2p | 8 chunks | 3 ctx | 1 tbl | [TEXT_LAYER]

[ 58/291] sbbc614-150-bf184-type-17-bugle-batten.pdf...
      📄 2p | 8 chunks | 3 ctx | 1 tbl | [TEXT_LAYER]

[ 59/291] sbbcz14-100-bf158-type-17-bugle-batten.pdf...
      📄 2p | 8 chunks | 3 ctx | 1 tbl | [TEXT_LAYER]

[ 60/291] SET-SCREW-CLASS-10-9-METRIC-BLACK.pdf...
      📄 2p | 4 chunks | 0 ctx | 0 tbl | [TEXT_LAYER]

[ 61/291] SET-SCREW-CLASS-4-6-METRIC-HDG.pdf...
      📄 2p | 4 chunks | 0 ctx | 0 tbl | [TEXT_LAYER]

[ 62/291] SET-SCREW-CLASS-8-8-METRIC-BLACK.pdf...
      📄 2p | 4 chunks | 0 ctx | 0 tbl | [TEXT_LAYER]

[ 63/291] SET-SCREW-CLASS-8-8-METRIC-HDG.pdf...
      📄 2p | 5 chunks | 0 ctx | 0 tbl | [TEXT_LAYER]

[ 64/291] SET-SCREW-GRADE-8-UNC-BLACK.pdf...
      📄 2p | 5 chunks | 0 ctx | 0 tbl | [TEXT_LAYER]

[ 65/291] SET-SCREW-GRADE-8-UNF-BLACK.pdf...
      📄 2p | 5 chunks | 0 ctx | 0 tbl | [TEXT_LAYER]

[ 66/291] smbbic814-50-75-100-bf2136-sdm-bugle-batten.pdf...
      📄 2p | 8 chunks | 3 ctx | 1 tbl | [TEXT_LAYER]

[ 67/291] SMHC310-16-25-BF1053-Hex-Head-SDM.pdf...
      📄 2p | 7 chunks | 3 ctx | 1 tbl | [TEXT_LAYER]

[ 68/291] SMHC414-115-175-BF2114-Hex-Head-SDM.pdf...
      📄 2p | 8 chunks | 3 ctx | 1 tbl | [TEXT_LAYER]

[ 69/291] SMHC414-205-300-BF2300-Hex-Head-SDM.pdf...
      📄 2p | 8 chunks | 3 ctx | 1 tbl | [TEXT_LAYER]

[ 70/291] SMHC808-12-BF2089-Hex-Head-SDM.pdf...
      📄 2p | 7 chunks | 3 ctx | 1 tbl | [TEXT_LAYER]

[ 71/291] SMHC810-16-25-BF2176-Hex-Head-SDM.pdf...
      📄 2p | 8 chunks | 3 ctx | 1 tbl | [TEXT_LAYER]

[ 72/291] smhc812-25-30-bf2050-hex-head-sdm.pdf...
      📄 3p | 10 chunks | 3 ctx | 1 tbl | [TEXT_LAYER]

[ 73/291] SMHC812-50-85-BF2162-Hex-Head-SDM-Fibreglass.pdf...
      📄 2p | 9 chunks | 4 ctx | 1 tbl | [TEXT_LAYER]

[ 74/291] SMHC814-125-150-BF2305-Hex-Head-SDM.pdf...
      📄 2p | 8 chunks | 3 ctx | 1 tbl | [TEXT_LAYER]

[ 75/291] SMHC814-65-95-BF2304-Hex-Head-SDM.pdf...
      📄 2p | 10 chunks | 4 ctx | 1 tbl | [TEXT_LAYER]

📊 CHECKPOINT [75/291]
   Processed: 0 | Text: 75 | OCR: 0
   Chunks: 0 | Context: 50 | Tables: 16

[ 76/291] SMHC814-65-95-BF2306D-Hex-Head-SDM-Cyclonic.pdf...
      📄 2p | 10 chunks | 4 ctx | 1 tbl | [TEXT_LAYER]

[ 77/291] SMHC914-14-BF2313--Bi-metal-SDM-SS304-410.pdf...
      📄 2p | 7 chunks | 2 ctx | 1 tbl | [TEXT_LAYER]

[ 78/291] SMHCZ08-12-20-BF1055-Hex-Head-SDM.pdf...
      📄 2p | 7 chunks | 3 ctx | 1 tbl | [TEXT_LAYER]

[ 79/291] SMHCZ12-20-BF1050-Hex-Head-SDM.pdf...
      📄 2p | 7 chunks | 3 ctx | 1 tbl | [TEXT_LAYER]

[ 80/291] SMHCZ12-45-BF1088-Hex-Head-SDM.pdf...
      📄 2p | 7 chunks | 3 ctx | 1 tbl | [TEXT_LAYER]

[ 81/291] SMHCZ14-22-BF1056-Hex-Head-SDM.pdf...
      📄 2p | 7 chunks | 3 ctx | 1 tbl | [TEXT_LAYER]

[ 82/291] smhexc81230-bf2342-hex-head-sdm_3.pdf...
      📄 3p | 8 chunks | 3 ctx | 1 tbl | [TEXT_LAYER]

[ 83/291] SMHF814-22-65-BF2059-Hex-Head-SDM.pdf...
      📄 2p | 8 chunks | 3 ctx | 1 tbl | [TEXT_LAYER]

[ 84/291] SMHFZ10-16-BF1054-Hex-Head-SDM.pdf...
      📄 2p | 7 chunks | 3 ctx | 1 tbl | [TEXT_LAYER]

[ 85/291] SMHT812-39-BF2058-Hex-Head-SDM.pdf...
      📄 2p | 9 chunks | 4 ctx | 1 tbl | [TEXT_LAYER]

[ 86/291] SMHT812-51-80-BF2055-Hex-Head-SDM.pdf...
      📄 2p | 9 chunks | 4 ctx | 1 tbl | [TEXT_LAYER]

[ 87/291] SMWC810-16-22-BF2094-Wafer-Head-SDM.pdf...
      📄 2p | 8 chunks | 3 ctx | 1 tbl | [TEXT_LAYER]

[ 88/291] SMWCZ10-16-30-BF1067-Wafer-Head-SDM.pdf...
      📄 2p | 8 chunks | 3 ctx | 1 tbl | [TEXT_LAYER]

[ 89/291] SMWFZ10-16-30-BF1068-Wafer-Head-SDM.pdf...
      📄 2p | 7 chunks | 3 ctx | 1 tbl | [TEXT_LAYER]

[ 90/291] sncftc810-40-50-bf480-fibre-cement-screw.pdf...
      📄 2p | 7 chunks | 2 ctx | 1 tbl | [TEXT_LAYER]

[ 91/291] SNHC612-11-20-BF475-Type-17-SS316.pdf...
      📄 2p | 8 chunks | 4 ctx | 1 tbl | [TEXT_LAYER]

[ 92/291] sobbtc314-150-bf441-type-17-fasten-strong-bugle-batten....
      📄 2p | 6 chunks | 0 ctx | 0 tbl | [TEXT_LAYER]

[ 93/291] sobbtc514-150-bf439-type-17-fasten-strong-bugle-batten....
      📄 2p | 6 chunks | 0 ctx | 0 tbl | [TEXT_LAYER]

[ 94/291] sobbtc614-150-bf440-type-17-fasten-strong-bugle-batten....
      📄 2p | 6 chunks | 0 ctx | 0 tbl | [TEXT_LAYER]

[ 95/291] sobbtc814-150-bf423-type-17-bugle-batten.pdf...
      📄 2p | 7 chunks | 0 ctx | 0 tbl | [TEXT_LAYER]

[ 96/291] sobbtcb14-150-bf441-type-17-fasten-strong-bugle-batten-...
      📄 2p | 6 chunks | 0 ctx | 0 tbl | [TEXT_LAYER]

[ 97/291] spebtt6080-65-bf400-jolt-screw-ss316.pdf...
      📄 2p | 5 chunks | 0 ctx | 0 tbl | [TEXT_LAYER]

[ 98/291] spebtt808-65-bf369-jolt-screw.pdf...
      📄 2p | 5 chunks | 0 ctx | 0 tbl | [TEXT_LAYER]

[ 99/291] STHC414-115-175-BF127-Type-17.pdf...
      📄 2p | 10 chunks | 4 ctx | 1 tbl | [TEXT_LAYER]

[100/291] sthc614-50-65-bf425-type-17-ss316.pdf...
      📄 2p | 9 chunks | 4 ctx | 1 tbl | [TEXT_LAYER]

📊 CHECKPOINT [100/291]
   Processed: 0 | Text: 100 | OCR: 0
   Chunks: 0 | Context: 108 | Tables: 34

[101/291] STHC810-20-30-BF189-Type-17.pdf...
      📄 2p | 8 chunks | 3 ctx | 1 tbl | [TEXT_LAYER]

[102/291] STHC812-25-40-BF190-Type-17.pdf...
      📄 2p | 8 chunks | 3 ctx | 1 tbl | [TEXT_LAYER]

[103/291] STHC814-50-100-BF180-Type-17.pdf...
      📄 3p | 10 chunks | 4 ctx | 1 tbl | [TEXT_LAYER]

[104/291] STHCZ12-25-BF121-Type-17.pdf...
      📄 2p | 7 chunks | 3 ctx | 1 tbl | [TEXT_LAYER]

[105/291] STHT812-50-65-BF192-Type-17-TopGrip.pdf...
      📄 2p | 9 chunks | 4 ctx | 1 tbl | [TEXT_LAYER]

[106/291] STRYDA.ai_ Strategic Development Insights.pdf...
      📄 6p | 16 chunks | 0 ctx | 0 tbl | [TEXT_LAYER]

[107/291] stwc310-25-45-bf108-wafer-head-type-17.pdf...
      📄 2p | 8 chunks | 3 ctx | 1 tbl | [TEXT_LAYER]

[108/291] stwstcz-175-bf345-ribbed-flat-head-type-17.pdf...
      📄 2p | 8 chunks | 3 ctx | 1 tbl | [TEXT_LAYER]

[109/291] SUHC662-50-80-90-BF2121-SS316-Vortex.pdf...
      📄 2p | 9 chunks | 4 ctx | 1 tbl | [TEXT_LAYER]

[110/291] SUHC848-25-BF2290-Vortex-Valley-Fix.pdf...
      📄 3p | 9 chunks | 3 ctx | 1 tbl | [TEXT_LAYER]

[111/291] SUHC862-25-35-BF2285-Vortex-Plus.pdf...
      📄 3p | 12 chunks | 6 ctx | 2 tbl | [TEXT_LAYER]

[112/291] SUHC862-55-65-BF2080D-Vortex-Cyclonic.pdf...
      📄 2p | 11 chunks | 6 ctx | 2 tbl | [TEXT_LAYER]

[113/291] SUHC862-55-65-BF2302R-Vortex-Cyclonic.pdf...
      📄 2p | 11 chunks | 6 ctx | 2 tbl | [TEXT_LAYER]

[114/291] surc35-20-30-bf1131g-vortex-fibre.pdf...
      📄 2p | 10 chunks | 5 ctx | 2 tbl | [TEXT_LAYER]

[115/291] svhexc862-55-65-bf2172-vortex-polycut.pdf...
      📄 2p | 12 chunks | 6 ctx | 2 tbl | [TEXT_LAYER]

[116/291] SVMIXC854-28-BF2109-Vortex-Mini.pdf...
      📄 2p | 10 chunks | 5 ctx | 2 tbl | [TEXT_LAYER]

[117/291] SVROXT862-50-BF2146-Vortex-Plus.pdf...
      📄 3p | 12 chunks | 6 ctx | 2 tbl | [TEXT_LAYER]

[118/291] SVROXT862-65-80-BF2283-Vortex-Plus.pdf...
      📄 3p | 13 chunks | 6 ctx | 2 tbl | [TEXT_LAYER]

[119/291] SVSHXC862-22-BF2132-Vortex-Shed.pdf...
      📄 2p | 7 chunks | 3 ctx | 1 tbl | [TEXT_LAYER]

[120/291] swrc310-75-bf1058-wing-driller.pdf...
      📄 2p | 8 chunks | 3 ctx | 1 tbl | [TEXT_LAYER]

[121/291] threaded-rod-class-4-8-metric-hdg.pdf...
      📄 2p | 4 chunks | 0 ctx | 0 tbl | [TEXT_LAYER]

[122/291] threaded-rod-class-4-8-metric-plain.pdf...
      📄 2p | 4 chunks | 0 ctx | 0 tbl | [TEXT_LAYER]

[123/291] threaded-rod-class-8-8-metric-black.pdf...
      📄 2p | 4 chunks | 0 ctx | 0 tbl | [TEXT_LAYER]

[124/291] threaded-rod-class-8-8-metric-hdg.pdf...
      📄 2p | 4 chunks | 0 ctx | 0 tbl | [TEXT_LAYER]

[125/291] threaded-rod-grade-2-bsw-plain.pdf...
      📄 2p | 4 chunks | 0 ctx | 0 tbl | [TEXT_LAYER]

📊 CHECKPOINT [125/291]
   Processed: 0 | Text: 125 | OCR: 0
   Chunks: 0 | Context: 190 | Tables: 61

[126/291] threaded-rod-grade-2-unc-plain.pdf...
      📄 2p | 4 chunks | 0 ctx | 0 tbl | [TEXT_LAYER]

[127/291] threaded-rod-grade-2-unf-plain.pdf...
      📄 2p | 4 chunks | 0 ctx | 0 tbl | [TEXT_LAYER]

[128/291] threaded-rod-grade-5-unc-plain.pdf...
      📄 2p | 4 chunks | 0 ctx | 0 tbl | [TEXT_LAYER]

[129/291] threaded-rod-grade-5-unf-plain.pdf...
      📄 2p | 4 chunks | 0 ctx | 0 tbl | [TEXT_LAYER]

[130/291] timber-connector-nails.pdf...
      📄 1p | 2 chunks | 0 ctx | 0 tbl | [TEXT_LAYER]

[131/291] timber-post-screw.pdf...
      📄 1p | 2 chunks | 0 ctx | 0 tbl | [TEXT_LAYER]
