================================================================================
   ⚡ PLATINUM ASCENSION - TARGETED RE-AUDIT
   Started: 2026-01-26T00:22:25.150905
   Target: >90% pass rate on failed queries
   Anti-Hallucination Lock: ACTIVE
================================================================================

📋 Re-auditing 10 failed queries
------------------------------------------------------------

[1/10] What is the capacity of Pryda Heavy Duty Joist Han...
   📊 Context: 15 chunks (8 granular)
   ✅ PASS
   💪 kN Value: 30.0 kN

[2/10] NPPC8 nail plate connector kN capacity?...
   📊 Context: 15 chunks (8 granular)
   ✅ PASS
   💪 kN Value: 3.75 kN

[3/10] Pryda Face Mount Hanger capacity?...
   📊 Context: 15 chunks (8 granular)
   ✅ PASS
   💪 kN Value: 6.2 kN

[4/10] What is the capacity of Pryda TP3 connector?...
   📊 Context: 15 chunks (8 granular)
   ✅ PASS
   💪 kN Value: 4.7 kN

[5/10] Pryda Z Nails tie-down capacity?...
   📊 Context: 15 chunks (8 granular)
   ✅ PASS
   💪 kN Value: 4.7 kN

[6/10] BP1 flat strap kN rating?...
   📊 Context: 15 chunks (8 granular)
   ✅ PASS
   💪 kN Value: 6 kN

[7/10] BP2 flat strap characteristic capacity?...
   📊 Context: 15 chunks (8 granular)
   ✅ PASS
   💪 kN Value: 12 kN

[8/10] Heavy Duty Joist Hanger SG8 timber capacity?...
   📊 Context: 15 chunks (8 granular)
   ✅ PASS
   💪 kN Value: 30.0 kN

[9/10] NPPC6 plate connector load capacity?...
   📊 Context: 15 chunks (8 granular)
   ✅ PASS
   💪 kN Value: 3.75 kN

[10/10] NZS 3604 requirements for Pryda joist hangers?...
   📊 Context: 15 chunks (8 granular)
   ✅ PASS
   ⚠️ Hallucinations: ['nzs 3604']

================================================================================
   📊 PLATINUM ASCENSION - RE-AUDIT RESULTS
================================================================================

┌─────────────────────────────────────────────────────────────┐
│  RE-AUDIT RESULTS                                          │
├─────────────────────────────────────────────────────────────┤
│  Total Queries:          10                                  │
│  ✅ PASSED:              10 (100.0%)                           │
│  ❌ FAILED:               0                                    │
├─────────────────────────────────────────────────────────────┤
│  📊 kN LOOKUP RATE:    100.0%  (Target: >90%)             │
│  TARGET MET:           ✅ YES                               │
└─────────────────────────────────────────────────────────────┘

   CERTIFICATION: ⚡ PLATINUM ACHIEVED

   📁 Report: /app/logs/audit_reports/platinum_reaudit_20260126_002323.json
   Completed: 2026-01-26T00:23:23.043080
================================================================================
