================================================================================
   ⚡ PLATINUM ASCENSION - GRANULAR RE-INGESTION
   Started: 2026-01-26T00:04:34.089485
   Strategy: High-Zoom Vision (DPI 300) on Capacity Tables
================================================================================

📄 Pryda - Brackets Fixes Design Guide.pdf...
   📄 78 pages @ DPI 300
   ✅ Page 1 - TARGET PRODUCTS FOUND
   ✅ Page 2 - TARGET PRODUCTS FOUND
   ✅ Page 3 - TARGET PRODUCTS FOUND
      📊 +1 granular chunks
   ✅ Page 4 - TARGET PRODUCTS FOUND
   ✅ Page 5 - TARGET PRODUCTS FOUND
   ✅ Page 6 - TARGET PRODUCTS FOUND
   ✅ Page 7 - TARGET PRODUCTS FOUND
   ✅ Page 8 - TARGET PRODUCTS FOUND
   ✅ Page 9 - TARGET PRODUCTS FOUND
   ✅ Page 10 - TARGET PRODUCTS FOUND
   ✅ Page 11 - TARGET PRODUCTS FOUND
   ✅ Page 12 - TARGET PRODUCTS FOUND
   ✅ Page 13 - TARGET PRODUCTS FOUND
   ✅ Page 14 - TARGET PRODUCTS FOUND
   ✅ Page 15 - TARGET PRODUCTS FOUND
   ✅ Page 16 - TARGET PRODUCTS FOUND
   ✅ Page 17 - TARGET PRODUCTS FOUND
   ✅ Page 18 - TARGET PRODUCTS FOUND
   ✅ Page 19 - TARGET PRODUCTS FOUND
   ✅ Page 20 - TARGET PRODUCTS FOUND
   ✅ Page 21 - TARGET PRODUCTS FOUND
   ✅ Page 23 - TARGET PRODUCTS FOUND
   ✅ Page 24 - TARGET PRODUCTS FOUND

📄 Pryda - Hangers And Brackets.pdf...
   📄 6 pages @ DPI 300
   ✅ Page 2 - TARGET PRODUCTS FOUND
   ✅ Page 3 - TARGET PRODUCTS FOUND
      📊 +1 granular chunks
   ✅ Page 4 - TARGET PRODUCTS FOUND
   ✅ Page 5 - TARGET PRODUCTS FOUND
   ✅ Page 6 - TARGET PRODUCTS FOUND

📄 Pryda - Hangers Truss Boots Design Guide.pdf...
   📄 68 pages @ DPI 300
   ✅ Page 1 - TARGET PRODUCTS FOUND
   ✅ Page 2 - TARGET PRODUCTS FOUND
   ✅ Page 3 - TARGET PRODUCTS FOUND
      📊 +3 granular chunks
   ✅ Page 4 - TARGET PRODUCTS FOUND
   ✅ Page 5 - TARGET PRODUCTS FOUND
   ✅ Page 6 - TARGET PRODUCTS FOUND
   ✅ Page 7 - TARGET PRODUCTS FOUND
   ✅ Page 8 - TARGET PRODUCTS FOUND
   ✅ Page 9 - TARGET PRODUCTS FOUND
   ✅ Page 10 - TARGET PRODUCTS FOUND
   ✅ Page 11 - TARGET PRODUCTS FOUND
   ✅ Page 12 - TARGET PRODUCTS FOUND
   ✅ Page 13 - TARGET PRODUCTS FOUND
   ✅ Page 14 - TARGET PRODUCTS FOUND
   ✅ Page 16 - TARGET PRODUCTS FOUND
   ✅ Page 17 - TARGET PRODUCTS FOUND
   ✅ Page 18 - TARGET PRODUCTS FOUND
   ✅ Page 19 - TARGET PRODUCTS FOUND
   ✅ Page 20 - TARGET PRODUCTS FOUND
   ✅ Page 21 - TARGET PRODUCTS FOUND
   ✅ Page 22 - TARGET PRODUCTS FOUND
   ✅ Page 23 - TARGET PRODUCTS FOUND
      📊 +1 granular chunks
   ✅ Page 24 - TARGET PRODUCTS FOUND
      📊 +1 granular chunks

📄 NZ_Pryda_Connectors_Tie-downs_Design_Guide.pdf...
   📄 55 pages @ DPI 300
   ✅ Page 1 - TARGET PRODUCTS FOUND
   ✅ Page 2 - TARGET PRODUCTS FOUND
   ✅ Page 3 - TARGET PRODUCTS FOUND
      📊 +1 granular chunks
   ✅ Page 4 - TARGET PRODUCTS FOUND
      📊 +8 granular chunks
   ✅ Page 5 - TARGET PRODUCTS FOUND
   ✅ Page 6 - TARGET PRODUCTS FOUND
   ✅ Page 7 - TARGET PRODUCTS FOUND
   ✅ Page 8 - TARGET PRODUCTS FOUND
   ✅ Page 9 - TARGET PRODUCTS FOUND
   ✅ Page 10 - TARGET PRODUCTS FOUND
   ✅ Page 11 - TARGET PRODUCTS FOUND
   ✅ Page 12 - TARGET PRODUCTS FOUND
   ✅ Page 13 - TARGET PRODUCTS FOUND
   ✅ Page 14 - TARGET PRODUCTS FOUND
   ✅ Page 16 - TARGET PRODUCTS FOUND
   ✅ Page 17 - TARGET PRODUCTS FOUND
   ✅ Page 18 - TARGET PRODUCTS FOUND
   ✅ Page 19 - TARGET PRODUCTS FOUND
   ✅ Page 20 - TARGET PRODUCTS FOUND
   ✅ Page 21 - TARGET PRODUCTS FOUND
      📊 +4 granular chunks
   ✅ Page 22 - TARGET PRODUCTS FOUND
      📊 +4 granular chunks
   ✅ Page 23 - TARGET PRODUCTS FOUND
      📊 +4 granular chunks
   ✅ Page 24 - TARGET PRODUCTS FOUND
      📊 +1 granular chunks

📄 Pryda - Nail Plates.pdf...
   📄 7 pages @ DPI 300
   ✅ Page 1 - TARGET PRODUCTS FOUND
   ✅ Page 2 - TARGET PRODUCTS FOUND
      📊 +1 granular chunks
   ✅ Page 3 - TARGET PRODUCTS FOUND
   ✅ Page 4 - TARGET PRODUCTS FOUND
   ✅ Page 5 - TARGET PRODUCTS FOUND
   ✅ Page 6 - TARGET PRODUCTS FOUND
   ✅ Page 7 - TARGET PRODUCTS FOUND

📄 Pryda - Timber Connections And Straps.pdf...
   📄 7 pages @ DPI 300
   ✅ Page 1 - TARGET PRODUCTS FOUND
   ✅ Page 2 - TARGET PRODUCTS FOUND
      📊 +1 granular chunks
   ✅ Page 3 - TARGET PRODUCTS FOUND
   ✅ Page 4 - TARGET PRODUCTS FOUND
   ✅ Page 5 - TARGET PRODUCTS FOUND
   ✅ Page 6 - TARGET PRODUCTS FOUND
   ✅ Page 7 - TARGET PRODUCTS FOUND

================================================================================
   ⚡ GRANULAR RE-INGESTION COMPLETE
================================================================================
   Files: 6
   Pages Scanned: 92
   Granular Chunks: 31
   Target Products: 29
   kN Values: 41

   Products Found: ['BP2 (Flat Strap)', 'NZ Strap Nails', 'NPA', 'NPPC6/S (Stainless Steel)', 'MG', 'NPPC4/S (Stainless Steel) - Pair of Cleats', 'TP3', 'Heavy Duty Joist Hanger (JHH100, JHSS212, JHSS275 types indicated in notes)', 'PAIR OF NPPC8 (Galvanised Plate Connectors)', 'NPPC8 (Galvanised Plate Connector)']
   kN Values: ['2.5', '3', '3.2', '3.3', '3.4', '3.75', '4.1', '4.2', '4.6', '4.7', '5', '5.3', '5.8', '6', '6.2']

   📈 Total Pryda chunks: 357
================================================================================

