================================================================================
   STRYDA V5 VISION-FIRST PRODUCTION INGESTION
   Started: 2026-01-25T04:48:19.529041
================================================================================

✅ Vision-First Engine initialized
   Chunk size: 1000, Overlap: 150

📂 Processing 291 files with Vision-First Logic

[  1/291] Bremick-NCCCompliant-ChemicalInjection-Polyester-Galvan...
Consider using the pymupdf_layout package for a greatly improved page layout analysis.
      ⏭️ Skip: No text

[  2/291] Bremick-NCCCompliant-ChemicalInjection-Polyester-Stainl...
      ⏭️ Skip: No text

[  3/291] Bremick-NCCCompliant-ChemicalInjection-Polyester-ZincPl...
      ⏭️ Skip: No text

[  4/291] Bremick-NCCCompliant-ChemicalInjection-PureEpoxy-Galvan...
      ⏭️ Skip: No text

[  5/291] Bremick-NCCCompliant-ChemicalInjection-PureEpoxy-Stainl...
      ⏭️ Skip: No text

[  6/291] Bremick-NCCCompliant-ChemicalInjection-PureEpoxy-ZincPl...
      ⏭️ Skip: No text

[  7/291] Bremick-NCCCompliant-ChemicalInjection-Vinylester-Galva...
      ⏭️ Skip: No text

[  8/291] Bremick-NCCCompliant-ChemicalInjection-Vinylester-Stain...
      ⏭️ Skip: No text

[  9/291] Bremick-NCCCompliant-ChemicalInjection-Vinylester-ZincP...
      ⏭️ Skip: No text

[ 10/291] Bremick-NCCCompliant-ChemicalSpinCapsule-Galvanised-TDS...
      ⏭️ Skip: No text

[ 11/291] Bremick-NCCCompliant-ChemicalSpinCapsule-StainlessSteel...
      ⏭️ Skip: No text

[ 12/291] Bremick-NCCCompliant-ChemicalSpinCapsule-ZincPlated-TDS...
      ⏭️ Skip: No text

[ 13/291] Bremick-NCCCompliant-DropinAnchor-ZincPlated-TDS.pdf...
      ⏭️ Skip: No text

[ 14/291] Bremick-NSC-DropInAnchor-StainlessSteel-PDS.pdf...
      ⏭️ Skip: No text

[ 15/291] Bremick-NSC-DropInAnchor-ZincPlated-PDS.pdf...
      ⏭️ Skip: No text

[ 16/291] Bremick-NSC-KewUniversalFrameAnchor-Galvanised-PDS.pdf...
      ⏭️ Skip: No text

[ 17/291] Bremick-NSC-MasonryScrewWallGrabScrew-Galvanised-PDS.pd...
      ⏭️ Skip: No text

[ 18/291] Bremick-NSC-ScrewAnchor-Galvanised-PDS.pdf...
      ⏭️ Skip: No text

[ 19/291] Bremick-NSC-SDriveAnchor-Galvanised-PDS.pdf...
      ⏭️ Skip: No text

[ 20/291] Bremick-NSC-SplitDriveAnchor-Galvanised-PDS.pdf...
      ⏭️ Skip: No text

[ 21/291] Bremick-NSC-ThroughBolt-Galvanised-PDS.pdf...
      ⏭️ Skip: No text

[ 22/291] Bremick-NCCCompliant-ScrewAnchor-Countersunk-BiMetal-TD...
      ⏭️ Skip: No text

[ 23/291] Bremick-NCCCompliant-ScrewAnchor-Countersunk-Ceramic-TD...
      ⏭️ Skip: No text

[ 24/291] Bremick-NCCCompliant-ScrewAnchor-External-Ceramic-TDS.p...
      ⏭️ Skip: No text

[ 25/291] Bremick-NCCCompliant-ScrewAnchor-Hex-BiMetal-TDS.pdf...
      ⏭️ Skip: No text

[ 26/291] Bremick-NCCCompliant-ScrewAnchor-Hex-Ceramic-TDS.pdf...
      ⏭️ Skip: No text

[ 27/291] Bremick-NCCCompliant-ScrewAnchor-Pan-Ceramic-TDS.pdf...
      ⏭️ Skip: No text

[ 28/291] Bremick-NSC-CavityWallAnchor-PDS.pdf...
      ⏭️ Skip: No text

[ 29/291] Bremick-NSC-GravityToggle-PDS.pdf...
      ⏭️ Skip: No text

[ 30/291] Bremick-NSC-HollowWallPlasticToggle-PDS.pdf...
      ⏭️ Skip: No text

[ 31/291] Bremick-NSC-KewHammerFixInsulationFastener-PDS.pdf...
      ⏭️ Skip: No text

[ 32/291] Bremick-NSC-KewInsulationPlug-PDS.pdf...
      ⏭️ Skip: No text

[ 33/291] Bremick-NSC-KewMetalInsulationFastener-PDS.pdf...
      ⏭️ Skip: No text

[ 34/291] Bremick-NSC-KewSuperExpansionPlug-PDS.pdf...
      ⏭️ Skip: No text

[ 35/291] Bremick-NSC-KewSuperUniversalPlug-PDS.pdf...
      ⏭️ Skip: No text

[ 36/291] Bremick-NSC-KewUniversalInsulationDisk-PDS.pdf...
      ⏭️ Skip: No text

[ 37/291] Bremick-NSC-MasonryScrewAnchor-Hex&CountersunkHead-B8Co...
      ⏭️ Skip: No text

[ 38/291] Bremick-NSC-NylonWallPlug-PDS.pdf...
      ⏭️ Skip: No text

[ 39/291] Bremick-NSC-PlasterboardPlug-PDS.pdf...
      ⏭️ Skip: No text

[ 40/291] Bremick-NSC-PVCWallPlug-PDS.pdf...
      ⏭️ Skip: No text

[ 41/291] Bremick-NSC-SpringToggle-RoundHead&CountersunkHead-PDS....
      ⏭️ Skip: No text

[ 42/291] Bremick-NSC-SpringToggle-SquareHook&CupHook-PDS.pdf...
      ⏭️ Skip: No text

[ 43/291] coach-screw-class-4-6-metric-hdg.pdf...
      ⏭️ Skip: No text

[ 44/291] coatings-and-materials.pdf...
      ⏭️ Skip: No text

[ 45/291] connector-screws.pdf...
      ⏭️ Skip: No text

[ 46/291] cup-bolt-class-4-6-metric-hdg.pdf...
      ⏭️ Skip: No text

[ 47/291] flange-purlin-class-4-6-metric-hdg.pdf...
      ⏭️ Skip: No text

[ 48/291] flange-purlin-class-8-8-metric-hdg.pdf...
      ⏭️ Skip: No text

[ 49/291] hex-head-coach-screws-metric.pdf...
      ⏭️ Skip: No text

[ 50/291] ko-structural-assemblies-class-8-8-metric.pdf...
      ⏭️ Skip: No text

[ 51/291] masonry-screw-anchors.pdf...
      ⏭️ Skip: No text

[ 52/291] nylon-insert-lock-nut-class-6-metric-hdg.pdf...
      ⏭️ Skip: No text

[ 53/291] nylon-insert-lock-nut-class-8-metric-hdg.pdf...
      ⏭️ Skip: No text

[ 54/291] S5HC812-32-80-BF2066-Hex-Head-SDM-Deep-Driller.pdf...
      ⏭️ Skip: No text

[ 55/291] s5wc812-32-50-bf2088-wafer-sdm-deep-driller.pdf...
      ⏭️ Skip: No text

[ 56/291] sbbc3141-200-bf103-type-17-bugle-batten.pdf...
      ⏭️ Skip: No text

[ 57/291] sbbc414-150-bf242-type-17-bugle-batten.pdf...
      ⏭️ Skip: No text

[ 58/291] sbbc614-150-bf184-type-17-bugle-batten.pdf...
      ⏭️ Skip: No text

[ 59/291] sbbcz14-100-bf158-type-17-bugle-batten.pdf...
      ⏭️ Skip: No text

[ 60/291] SET-SCREW-CLASS-10-9-METRIC-BLACK.pdf...
      ⏭️ Skip: No text

[ 61/291] SET-SCREW-CLASS-4-6-METRIC-HDG.pdf...
      ⏭️ Skip: No text

[ 62/291] SET-SCREW-CLASS-8-8-METRIC-BLACK.pdf...
      ⏭️ Skip: No text

[ 63/291] SET-SCREW-CLASS-8-8-METRIC-HDG.pdf...
      ⏭️ Skip: No text

[ 64/291] SET-SCREW-GRADE-8-UNC-BLACK.pdf...
      ⏭️ Skip: No text

[ 65/291] SET-SCREW-GRADE-8-UNF-BLACK.pdf...
      ⏭️ Skip: No text

[ 66/291] smbbic814-50-75-100-bf2136-sdm-bugle-batten.pdf...
      ⏭️ Skip: No text

[ 67/291] SMHC310-16-25-BF1053-Hex-Head-SDM.pdf...
      ⏭️ Skip: No text

[ 68/291] SMHC414-115-175-BF2114-Hex-Head-SDM.pdf...
      ⏭️ Skip: No text

[ 69/291] SMHC414-205-300-BF2300-Hex-Head-SDM.pdf...
      ⏭️ Skip: No text

[ 70/291] SMHC808-12-BF2089-Hex-Head-SDM.pdf...
      ⏭️ Skip: No text

[ 71/291] SMHC810-16-25-BF2176-Hex-Head-SDM.pdf...
      ⏭️ Skip: No text

[ 72/291] smhc812-25-30-bf2050-hex-head-sdm.pdf...
      ⏭️ Skip: No text

[ 73/291] SMHC812-50-85-BF2162-Hex-Head-SDM-Fibreglass.pdf...
      ⏭️ Skip: No text

[ 74/291] SMHC814-125-150-BF2305-Hex-Head-SDM.pdf...
      ⏭️ Skip: No text

[ 75/291] SMHC814-65-95-BF2304-Hex-Head-SDM.pdf...
      ⏭️ Skip: No text

[ 76/291] SMHC814-65-95-BF2306D-Hex-Head-SDM-Cyclonic.pdf...
      ⏭️ Skip: No text

[ 77/291] SMHC914-14-BF2313--Bi-metal-SDM-SS304-410.pdf...
      ⏭️ Skip: No text

[ 78/291] SMHCZ08-12-20-BF1055-Hex-Head-SDM.pdf...
      ⏭️ Skip: No text

[ 79/291] SMHCZ12-20-BF1050-Hex-Head-SDM.pdf...
      ⏭️ Skip: No text

[ 80/291] SMHCZ12-45-BF1088-Hex-Head-SDM.pdf...
      ⏭️ Skip: No text

[ 81/291] SMHCZ14-22-BF1056-Hex-Head-SDM.pdf...
      ⏭️ Skip: No text

[ 82/291] smhexc81230-bf2342-hex-head-sdm_3.pdf...
      ⏭️ Skip: No text

[ 83/291] SMHF814-22-65-BF2059-Hex-Head-SDM.pdf...
      ⏭️ Skip: No text

[ 84/291] SMHFZ10-16-BF1054-Hex-Head-SDM.pdf...
      ⏭️ Skip: No text

[ 85/291] SMHT812-39-BF2058-Hex-Head-SDM.pdf...
      ⏭️ Skip: No text

[ 86/291] SMHT812-51-80-BF2055-Hex-Head-SDM.pdf...
      ⏭️ Skip: No text

[ 87/291] SMWC810-16-22-BF2094-Wafer-Head-SDM.pdf...
      ⏭️ Skip: No text

[ 88/291] SMWCZ10-16-30-BF1067-Wafer-Head-SDM.pdf...
      ⏭️ Skip: No text

[ 89/291] SMWFZ10-16-30-BF1068-Wafer-Head-SDM.pdf...
      ⏭️ Skip: No text

[ 90/291] sncftc810-40-50-bf480-fibre-cement-screw.pdf...
      ⏭️ Skip: No text

[ 91/291] SNHC612-11-20-BF475-Type-17-SS316.pdf...
      ⏭️ Skip: No text

[ 92/291] sobbtc314-150-bf441-type-17-fasten-strong-bugle-batten....
      ⏭️ Skip: No text

[ 93/291] sobbtc514-150-bf439-type-17-fasten-strong-bugle-batten....
      ⏭️ Skip: No text

[ 94/291] sobbtc614-150-bf440-type-17-fasten-strong-bugle-batten....
      ⏭️ Skip: No text

[ 95/291] sobbtc814-150-bf423-type-17-bugle-batten.pdf...
      ⏭️ Skip: No text

[ 96/291] sobbtcb14-150-bf441-type-17-fasten-strong-bugle-batten-...
      ⏭️ Skip: No text

[ 97/291] spebtt6080-65-bf400-jolt-screw-ss316.pdf...
      ⏭️ Skip: No text

[ 98/291] spebtt808-65-bf369-jolt-screw.pdf...
      ⏭️ Skip: No text

[ 99/291] STHC414-115-175-BF127-Type-17.pdf...
      ⏭️ Skip: No text

[100/291] sthc614-50-65-bf425-type-17-ss316.pdf...
      ⏭️ Skip: No text

[101/291] STHC810-20-30-BF189-Type-17.pdf...
      ⏭️ Skip: No text

[102/291] STHC812-25-40-BF190-Type-17.pdf...
      ⏭️ Skip: No text

[103/291] STHC814-50-100-BF180-Type-17.pdf...
      ⏭️ Skip: No text

[104/291] STHCZ12-25-BF121-Type-17.pdf...
      ⏭️ Skip: No text

[105/291] STHT812-50-65-BF192-Type-17-TopGrip.pdf...
      ⏭️ Skip: No text

[106/291] STRYDA.ai_ Strategic Development Insights.pdf...
      ⏭️ Skip: No text

[107/291] stwc310-25-45-bf108-wafer-head-type-17.pdf...
      ⏭️ Skip: No text

[108/291] stwstcz-175-bf345-ribbed-flat-head-type-17.pdf...
      ⏭️ Skip: No text

[109/291] SUHC662-50-80-90-BF2121-SS316-Vortex.pdf...
      ⏭️ Skip: No text

[110/291] SUHC848-25-BF2290-Vortex-Valley-Fix.pdf...
      ⏭️ Skip: No text

[111/291] SUHC862-25-35-BF2285-Vortex-Plus.pdf...
      ⏭️ Skip: No text

[112/291] SUHC862-55-65-BF2080D-Vortex-Cyclonic.pdf...
      ⏭️ Skip: No text

[113/291] SUHC862-55-65-BF2302R-Vortex-Cyclonic.pdf...
      ⏭️ Skip: No text

[114/291] surc35-20-30-bf1131g-vortex-fibre.pdf...
      ⏭️ Skip: No text

[115/291] svhexc862-55-65-bf2172-vortex-polycut.pdf...
      ⏭️ Skip: No text

[116/291] SVMIXC854-28-BF2109-Vortex-Mini.pdf...
      ⏭️ Skip: No text

[117/291] SVROXT862-50-BF2146-Vortex-Plus.pdf...
      ⏭️ Skip: No text

[118/291] SVROXT862-65-80-BF2283-Vortex-Plus.pdf...
      ⏭️ Skip: No text

[119/291] SVSHXC862-22-BF2132-Vortex-Shed.pdf...
      ⏭️ Skip: No text

[120/291] swrc310-75-bf1058-wing-driller.pdf...
      ⏭️ Skip: No text

[121/291] threaded-rod-class-4-8-metric-hdg.pdf...
      ⏭️ Skip: No text

[122/291] threaded-rod-class-4-8-metric-plain.pdf...
      ⏭️ Skip: No text

[123/291] threaded-rod-class-8-8-metric-black.pdf...
      ⏭️ Skip: No text

[124/291] threaded-rod-class-8-8-metric-hdg.pdf...
      ⏭️ Skip: No text

[125/291] threaded-rod-grade-2-bsw-plain.pdf...
      ⏭️ Skip: No text

[126/291] threaded-rod-grade-2-unc-plain.pdf...
      ⏭️ Skip: No text

[127/291] threaded-rod-grade-2-unf-plain.pdf...
      ⏭️ Skip: No text

[128/291] threaded-rod-grade-5-unc-plain.pdf...
      ⏭️ Skip: No text

[129/291] threaded-rod-grade-5-unf-plain.pdf...
      ⏭️ Skip: No text

[130/291] timber-connector-nails.pdf...
      ⏭️ Skip: No text

[131/291] timber-post-screw.pdf...
      ⏭️ Skip: No text

[132/291] type-17-hex-head-timber-screws-no-seal.pdf...
      ⏭️ Skip: No text

[133/291] Bremick-NCCCompliant-ThroughBoltAnchor-Hex-Ceramic-TDS....
      ⏭️ Skip: No text

[134/291] Bremick-NCCCompliant-ThroughBoltAnchor-Hex-StainlessSte...
      ⏭️ Skip: No text

[135/291] Bremick-NCCCompliant-ThroughBoltAnchor-Hex-ZincPlated-T...
      ⏭️ Skip: No text

[136/291] HEX-BOLT-A2-50-METRIC-STAINLESS-STEEL.pdf...
      ⏭️ Skip: No text

[137/291] HEX-BOLT-A2-70-METRIC-STAINLESS-STEEL.pdf...
      ⏭️ Skip: No text

[138/291] HEX-BOLT-A4-50-METRIC-STAINLESS-STEEL.pdf...
      ⏭️ Skip: No text

[139/291] HEX-BOLT-A4-70-METRIC-STAINLESS-STEEL.pdf...
      ⏭️ Skip: No text

[140/291] HEX-BOLT-A4-80-METRIC-STAINLESS-STEEL.pdf...
      ⏭️ Skip: No text

[141/291] HEX-BOLT-CLASS-10-9-METRIC-BLACK.pdf...
      ⏭️ Skip: No text

[142/291] HEX-BOLT-CLASS-10-9-METRIC-ZINC.pdf...
      ⏭️ Skip: No text

[143/291] HEX-BOLT-CLASS-4-6-METRIC-HDG.pdf...
      ⏭️ Skip: No text

[144/291] HEX-BOLT-CLASS-4-6-METRIC-PLAIN.pdf...
      ⏭️ Skip: No text

[145/291] HEX-BOLT-CLASS-4-6-METRIC-ZINC.pdf...
      ⏭️ Skip: No text

[146/291] HEX-BOLT-CLASS-8-8-METRIC-BLACK.pdf...
      ⏭️ Skip: No text

[147/291] hex-bolt-class-8-8-metric-fine-zinc.pdf...
      ⏭️ Skip: No text

[148/291] HEX-BOLT-CLASS-8-8-METRIC-HDG.pdf...
      ⏭️ Skip: No text

[149/291] HEX-BOLT-CLASS-8-8-METRIC-ZINC.pdf...
      ⏭️ Skip: No text

[150/291] hex-bolt-grade-2-bsw-hdg.pdf...
      ⏭️ Skip: No text

[151/291] hex-bolt-grade-2-bsw-zinc.pdf...
      ⏭️ Skip: No text

[152/291] HEX-BOLT-GRADE-5-UNC-BLACK.pdf...
